#
# There is insufficient memory for the Java Runtime Environment to continue.
# Native memory allocation (mmap) failed to map 130023424 bytes for G1 virtual space
# Possible reasons:
#   The system is out of physical RAM or swap space
#   The process is running with CompressedOops enabled, and the Java Heap may be blocking the growth of the native heap
# Possible solutions:
#   Reduce memory load on the system
#   Increase physical memory or swap space
#   Check if swap backing store is full
#   Decrease Java heap size (-Xmx/-Xms)
#   Decrease number of Java threads
#   Decrease Java thread stack sizes (-Xss)
#   Set larger code cache with -XX:ReservedCodeCacheSize=
#   JVM is running with Unscaled Compressed Oops mode in which the Java heap is
#     placed in the first 4GB address space. The Java Heap base address is the
#     maximum limit for the native heap growth. Please use -XX:HeapBaseMinAddress
#     to set the Java Heap base and to place the Java Heap above 4GB virtual address.
# This output file may be truncated or incomplete.
#
#  Out of Memory Error (os_windows.cpp:3548), pid=19740, tid=328940
#
# JRE version:  (17.0.12+8) (build )
# Java VM: Java HotSpot(TM) 64-Bit Server VM (17.0.12+8-LTS-286, mixed mode, emulated-client, sharing, tiered, compressed oops, compressed class ptrs, g1 gc, windows-amd64)
# No core dump will be written. Minidumps are not enabled by default on client versions of Windows
#

---------------  S U M M A R Y ------------

Command Line: -Dcom.sun.management.jmxremote -Dcom.sun.management.jmxremote.port=62504 -Dcom.sun.management.jmxremote.authenticate=false -Dcom.sun.management.jmxremote.ssl=false -Djava.rmi.server.hostname=localhost -Dspring.jmx.enabled=true -Dmanagement.endpoints.jmx.exposure.include=* -Dspring.application.admin.enabled=true -Dspring.output.ansi.enabled=always -XX:TieredStopAtLevel=1 -Dspring.boot.project.name=account -Dfile.encoding=UTF-8 -Dstdout.encoding=UTF-8 -Dstderr.encoding=UTF-8 -XX:+ShowCodeDetailsInExceptionMessages com.cognizant.account.AccountApplication

Host: 11th Gen Intel(R) Core(TM) i5-1135G7 @ 2.40GHz, 8 cores, 7G,  Windows 11 , 64 bit Build 26100 (10.0.26100.8737)
Time: Thu Jul 16 11:16:59 2026 India Standard Time elapsed time: 0.022418 seconds (0d 0h 0m 0s)

---------------  T H R E A D  ---------------

Current thread (0x00000257453628a0):  JavaThread "Unknown thread" [_thread_in_vm, id=328940, stack(0x000000d546000000,0x000000d546100000)]

Stack: [0x000000d546000000,0x000000d546100000]
Native frames: (J=compiled Java code, j=interpreted, Vv=VM code, C=native code)
V  [jvm.dll+0x67a04a]
V  [jvm.dll+0x7da4ed]
V  [jvm.dll+0x7dbe33]
V  [jvm.dll+0x7dc4a3]
V  [jvm.dll+0x24508f]
V  [jvm.dll+0x677089]
V  [jvm.dll+0x66bd32]
V  [jvm.dll+0x301fa6]
V  [jvm.dll+0x309546]
V  [jvm.dll+0x359d2e]
V  [jvm.dll+0x359f5f]
V  [jvm.dll+0x2d9078]
V  [jvm.dll+0x2d9fe4]
V  [jvm.dll+0x7aca21]
V  [jvm.dll+0x367591]
V  [jvm.dll+0x78b999]
V  [jvm.dll+0x3ec83f]
V  [jvm.dll+0x3ee471]
C  [jli.dll+0x5297]
C  [ucrtbase.dll+0x2cd30]
C  [KERNEL32.DLL+0x2e957]
C  [ntdll.dll+0xaad6c]


---------------  P R O C E S S  ---------------

Threads class SMR info:
_java_thread_list=0x00007ffb86a57a18, length=0, elements={
}

Java Threads: ( => current thread )

Other Threads:
  0x00000257453b9fe0 GCTaskThread "GC Thread#0" [stack: 0x000000d546100000,0x000000d546200000] [id=329408]
  0x00000257453cb930 ConcurrentGCThread "G1 Main Marker" [stack: 0x000000d546200000,0x000000d546300000] [id=329468]
  0x00000257453cd260 ConcurrentGCThread "G1 Conc#0" [stack: 0x000000d546300000,0x000000d546400000] [id=328860]

[error occurred during error reporting (printing all threads), id 0xc0000005, EXCEPTION_ACCESS_VIOLATION (0xc0000005) at pc=0x00007ffb86289b67]

VM state: not at safepoint (not fully initialized)

VM Mutex/Monitor currently owned by a thread:  ([mutex/lock_event])
[0x0000025745360d70] Heap_lock - owner thread: 0x00000257453628a0

Heap address: 0x0000000084c00000, size: 1972 MB, Compressed Oops mode: 32-bit

CDS archive(s) mapped at: [0x0000000000000000-0x0000000000000000-0x0000000000000000), size 0, SharedBaseAddress: 0x0000000800000000, ArchiveRelocationMode: 1.
Narrow klass base: 0x0000000000000000, Narrow klass shift: 0, Narrow klass range: 0x0

GC Precious Log:
<Empty>

Heap:
 garbage-first heap   total 0K, used 0K [0x0000000084c00000, 0x0000000100000000)
  region size 1024K, 0 young (0K), 0 survivors (0K)

[error occurred during error reporting (printing heap information), id 0xc0000005, EXCEPTION_ACCESS_VIOLATION (0xc0000005) at pc=0x00007ffb86673859]

GC Heap History (0 events):
No events

Deoptimization events (0 events):
No events

Classes unloaded (0 events):
No events

Classes redefined (0 events):
No events

Internal exceptions (0 events):
No events

VM Operations (0 events):
No events

Events (1 events):
Event: 0.012 Loaded shared library C:\Program Files\Java\jdk-17\bin\java.dll


Dynamic libraries:
0x00007ff7250c0000 - 0x00007ff7250d0000 	C:\Program Files\Java\jdk-17\bin\javaw.exe
0x00007ffc31d00000 - 0x00007ffc31f66000 	C:\WINDOWS\SYSTEM32\ntdll.dll
0x00007ffc31540000 - 0x00007ffc31609000 	C:\WINDOWS\System32\KERNEL32.DLL
0x00007ffc2f340000 - 0x00007ffc2f740000 	C:\WINDOWS\System32\KERNELBASE.dll
0x00007ffc2f8d0000 - 0x00007ffc2fa1c000 	C:\WINDOWS\System32\ucrtbase.dll
0x00007ffc18c00000 - 0x00007ffc18c19000 	C:\Program Files\Java\jdk-17\bin\jli.dll
0x00007ffc18b00000 - 0x00007ffc18b1b000 	C:\Program Files\Java\jdk-17\bin\VCRUNTIME140.dll
0x00007ffc303f0000 - 0x00007ffc304a7000 	C:\WINDOWS\System32\ADVAPI32.dll
0x00007ffc2fc00000 - 0x00007ffc2fca9000 	C:\WINDOWS\System32\msvcrt.dll
0x00007ffc2fcb0000 - 0x00007ffc2fd5a000 	C:\WINDOWS\System32\sechost.dll
0x00007ffc301f0000 - 0x00007ffc30308000 	C:\WINDOWS\System32\RPCRT4.dll
0x00007ffc31130000 - 0x00007ffc312f7000 	C:\WINDOWS\System32\USER32.dll
0x00007ffc2f310000 - 0x00007ffc2f337000 	C:\WINDOWS\System32\win32u.dll
0x00007ffc12ff0000 - 0x00007ffc13282000 	C:\WINDOWS\WinSxS\amd64_microsoft.windows.common-controls_6595b64144ccf1df_6.0.26100.8737_none_3e092eaee333b772\COMCTL32.dll
0x00007ffc31b30000 - 0x00007ffc31b5b000 	C:\WINDOWS\System32\GDI32.dll
0x00007ffc2f150000 - 0x00007ffc2f279000 	C:\WINDOWS\System32\gdi32full.dll
0x00007ffc2f0a0000 - 0x00007ffc2f143000 	C:\WINDOWS\System32\msvcp_win.dll
0x00007ffc1bae0000 - 0x00007ffc1baeb000 	C:\WINDOWS\SYSTEM32\VERSION.dll
0x00007ffc2fb20000 - 0x00007ffc2fb52000 	C:\WINDOWS\System32\IMM32.DLL
0x00007ffc1d360000 - 0x00007ffc1d36c000 	C:\Program Files\Java\jdk-17\bin\vcruntime140_1.dll
0x00007ffbe0ba0000 - 0x00007ffbe0c2e000 	C:\Program Files\Java\jdk-17\bin\msvcp140.dll
0x00007ffb85fa0000 - 0x00007ffb86b80000 	C:\Program Files\Java\jdk-17\bin\server\jvm.dll
0x00007ffc31c90000 - 0x00007ffc31c98000 	C:\WINDOWS\System32\PSAPI.DLL
0x00007ffc23530000 - 0x00007ffc23566000 	C:\WINDOWS\SYSTEM32\WINMM.dll
0x00007ffc098d0000 - 0x00007ffc098da000 	C:\WINDOWS\SYSTEM32\WSOCK32.dll
0x00007ffc31a20000 - 0x00007ffc31aa0000 	C:\WINDOWS\System32\WS2_32.dll
0x00007ffc2dc00000 - 0x00007ffc2dc1b000 	C:\WINDOWS\SYSTEM32\kernel.appcore.dll
0x00007ffc18bf0000 - 0x00007ffc18bfa000 	C:\Program Files\Java\jdk-17\bin\jimage.dll
0x00007ffc2c600000 - 0x00007ffc2c842000 	C:\WINDOWS\SYSTEM32\DBGHELP.DLL
0x00007ffc304b0000 - 0x00007ffc30833000 	C:\WINDOWS\System32\combase.dll
0x00007ffc30310000 - 0x00007ffc303e9000 	C:\WINDOWS\System32\OLEAUT32.dll
0x00007ffc10cc0000 - 0x00007ffc10cfb000 	C:\WINDOWS\SYSTEM32\dbgcore.DLL
0x00007ffc2f750000 - 0x00007ffc2f7fc000 	C:\WINDOWS\System32\bcryptPrimitives.dll
0x00007ffc15520000 - 0x00007ffc15545000 	C:\Program Files\Java\jdk-17\bin\java.dll

dbghelp: loaded successfully - version: 4.0.5 - missing functions: none
symbol engine: initialized successfully - sym options: 0x614 - pdb path: .;C:\Program Files\Java\jdk-17\bin;C:\WINDOWS\SYSTEM32;C:\WINDOWS\WinSxS\amd64_microsoft.windows.common-controls_6595b64144ccf1df_6.0.26100.8737_none_3e092eaee333b772;C:\Program Files\Java\jdk-17\bin\server

VM Arguments:
jvm_args: -Dcom.sun.management.jmxremote -Dcom.sun.management.jmxremote.port=62504 -Dcom.sun.management.jmxremote.authenticate=false -Dcom.sun.management.jmxremote.ssl=false -Djava.rmi.server.hostname=localhost -Dspring.jmx.enabled=true -Dmanagement.endpoints.jmx.exposure.include=* -Dspring.application.admin.enabled=true -Dspring.output.ansi.enabled=always -XX:TieredStopAtLevel=1 -Dspring.boot.project.name=account -Dfile.encoding=UTF-8 -Dstdout.encoding=UTF-8 -Dstderr.encoding=UTF-8 -XX:+ShowCodeDetailsInExceptionMessages 
java_command: com.cognizant.account.AccountApplication
java_class_path (initial): E:\VANI\CSE\CSE\JFS_COGNIZANT\JFS_DN-DeepSkill\Microservices\account\target\test-classes;E:\VANI\CSE\CSE\JFS_COGNIZANT\JFS_DN-DeepSkill\Microservices\account\target\classes;C:\Users\ASUS\.m2\repository\org\springframework\boot\spring-boot-starter-webmvc\4.1.0\spring-boot-starter-webmvc-4.1.0.jar;C:\Users\ASUS\.m2\repository\org\springframework\boot\spring-boot-starter\4.1.0\spring-boot-starter-4.1.0.jar;C:\Users\ASUS\.m2\repository\org\springframework\boot\spring-boot-starter-logging\4.1.0\spring-boot-starter-logging-4.1.0.jar;C:\Users\ASUS\.m2\repository\ch\qos\logback\logback-classic\1.5.34\logback-classic-1.5.34.jar;C:\Users\ASUS\.m2\repository\ch\qos\logback\logback-core\1.5.34\logback-core-1.5.34.jar;C:\Users\ASUS\.m2\repository\org\apache\logging\log4j\log4j-to-slf4j\2.25.4\log4j-to-slf4j-2.25.4.jar;C:\Users\ASUS\.m2\repository\org\apache\logging\log4j\log4j-api\2.25.4\log4j-api-2.25.4.jar;C:\Users\ASUS\.m2\repository\org\slf4j\jul-to-slf4j\2.0.18\jul-to-slf4j-2.0.18.jar;C:\Users\ASUS\.m2\repository\jakarta\annotation\jakarta.annotation-api\3.0.0\jakarta.annotation-api-3.0.0.jar;C:\Users\ASUS\.m2\repository\org\yaml\snakeyaml\2.6\snakeyaml-2.6.jar;C:\Users\ASUS\.m2\repository\org\springframework\boot\spring-boot-starter-jackson\4.1.0\spring-boot-starter-jackson-4.1.0.jar;C:\Users\ASUS\.m2\repository\org\springframework\boot\spring-boot-jackson\4.1.0\spring-boot-jackson-4.1.0.jar;C:\Users\ASUS\.m2\repository\tools\jackson\core\jackson-databind\3.1.4\jackson-databind-3.1.4.jar;C:\Users\ASUS\.m2\repository\com\fasterxml\jackson\core\jackson-annotations\2.21\jackson-annotations-2.21.jar;C:\Users\ASUS\.m2\repository\tools\jackson\core\jackson-core\3.1.4\jackson-core-3.1.4.jar;C:\Users\ASUS\.m2\repository\org\springframework\boot\spring-boot-starter-tomcat\4.1.0\spring-boot-starter-tomcat-4.1.0.jar;C:\Users\ASUS\.m2\repository\org\springframework\boot\spring-boot-starter-tomcat-runtime\4.1.0\spring-boot-starter-tomcat-runtime-4.1.0.jar;C
Launcher Type: SUN_STANDARD

[Global flags]
     intx CICompilerCount                          = 4                                         {product} {ergonomic}
     uint ConcGCThreads                            = 2                                         {product} {ergonomic}
     uint G1ConcRefinementThreads                  = 8                                         {product} {ergonomic}
   size_t G1HeapRegionSize                         = 1048576                                   {product} {ergonomic}
    uintx GCDrainStackTargetSize                   = 64                                        {product} {ergonomic}
   size_t InitialHeapSize                          = 130023424                                 {product} {ergonomic}
     bool ManagementServer                         = true                                      {product} {command line}
   size_t MarkStackSize                            = 4194304                                   {product} {ergonomic}
   size_t MaxHeapSize                              = 2067791872                                {product} {ergonomic}
   size_t MinHeapDeltaBytes                        = 1048576                                   {product} {ergonomic}
   size_t MinHeapSize                              = 8388608                                   {product} {ergonomic}
    uintx NonProfiledCodeHeapSize                  = 0                                      {pd product} {ergonomic}
     bool ProfileInterpreter                       = false                                  {pd product} {command line}
    uintx ProfiledCodeHeapSize                     = 0                                      {pd product} {ergonomic}
     bool ShowCodeDetailsInExceptionMessages       = true                                   {manageable} {command line}
   size_t SoftMaxHeapSize                          = 2067791872                             {manageable} {ergonomic}
     intx TieredStopAtLevel                        = 1                                         {product} {command line}
     bool UseCompressedClassPointers               = true                           {product lp64_product} {ergonomic}
     bool UseCompressedOops                        = true                           {product lp64_product} {ergonomic}
     bool UseG1GC                                  = true                                      {product} {ergonomic}
     bool UseLargePagesIndividualAllocation        = false                                  {pd product} {ergonomic}

Logging:
Log output configuration:
 #0: stdout all=warning uptime,level,tags
 #1: stderr all=off uptime,level,tags

Environment Variables:
CLASSPATH=.;F:\JPRACTICE;
PATH=C:/Users/ASUS/.p2/pool/plugins/org.eclipse.justj.openjdk.hotspot.jre.full.win32.x86_64_21.0.11.v20260515-1531/jre/bin/server;C:/Users/ASUS/.p2/pool/plugins/org.eclipse.justj.openjdk.hotspot.jre.full.win32.x86_64_21.0.11.v20260515-1531/jre/bin;C:\app\ASUS\product\21c\dbhomeXE\bin;C:\Program Files\Common Files\Oracle\Java\javapath;C:\Python314\Scripts\;C:\Python314\;C:\Program Files\Python310\Scripts\;C:\Program Files\Python310\;C:\Program Files\dotnet\;C:\Program Files (x86)\Microsoft SQL Server\160\Tools\Binn\;C:\Program Files\Microsoft SQL Server\160\Tools\Binn\;C:\Program Files\Microsoft SQL Server\Client SDK\ODBC\170\Tools\Binn\;C:\Program Files\Microsoft SQL Server\160\DTS\Binn\;C:\ProgramData\chocolatey\bin;C:\Program Files\Microsoft SQL Server\150\Tools\Binn\;E:\;C:\WINDOWS\system32;C:\WINDOWS;C:\WINDOWS\System32\Wbem;C:\WINDOWS\System32\WindowsPowerShell\v1.0\;C:\WINDOWS\System32\OpenSSH\;C:\Users\ASUS\AppData\Local\Programs\Python\Python310\Scripts;C:\Program Files\;C:\Program Files\Git\cmd;C:\Program Files\nodejs\;C:\Windows\System32;C:\Program Files\JetBrains\PyCharm 2023.2\bin;;C:\Program Files\MongoDB\Server\6.0\bin;C:\Users\ASUS\.dotnet\tools;C:\Windows\System32\OpenSSH;C:\Users\ASUS\AppData\Local\Microsoft\WindowsApps;C:\Users\ASUS\AppData\Local\Programs\Python\Python310\Scripts;C:\Users\ASUS\AppData\Roaming\Python\Python310\Scripts;F:\Git;C:\Users\ASUS\yolov5;C:\Users\ASUS\appdata\roaming\python\python310\site-packages\ultralytics;F:\Microsoft VS Code\bin;C:\Users\ASUS\AppData\Roaming\Python\Python314\Scripts;C:\Program Files\Java\jdk-21;F:\Notepad++\notepad++.exe;C:\Users\ASUS\AppData\Roaming\npm;F:\sqldeveloper-24.3.1.347.1826-x64\sqldeveloper\sqldeveloper.exe;F:\Antigravity\bin;C:\Users\ASUS\AppData\Local\Programs\Antigravity IDE\bin;F:\eclipse\jee-2026-06\eclipse;
USERNAME=ASUS
OS=Windows_NT
PROCESSOR_IDENTIFIER=Intel64 Family 6 Model 140 Stepping 1, GenuineIntel



---------------  S Y S T E M  ---------------

OS:
 Windows 11 , 64 bit Build 26100 (10.0.26100.8737)
OS uptime: 8 days 17:29 hours
Hyper-V role detected

CPU: total 8 (initial active 8) (4 cores per cpu, 2 threads per core) family 6 model 140 stepping 1 microcode 0x9a, cx8, cmov, fxsr, ht, mmx, 3dnowpref, sse, sse2, sse3, ssse3, sse4.1, sse4.2, popcnt, lzcnt, tsc, tscinvbit, avx, avx2, aes, erms, clmul, bmi1, bmi2, adx, avx512f, avx512dq, avx512cd, avx512bw, avx512vl, sha, fma, vzeroupper, avx512_vpopcntdq, avx512_vpclmulqdq, avx512_vaes, avx512_vnni, clflush, clflushopt, clwb, avx512_vbmi2, avx512_vbmi, hv

Memory: 4k page, system-wide physical 7886M (273M free)
TotalPageFile size 31246M (AvailPageFile size 109M)
current process WorkingSet (physical memory assigned to process): 12M, peak: 12M
current process commit charge ("private bytes"): 55M, peak: 179M

vm_info: Java HotSpot(TM) 64-Bit Server VM (17.0.12+8-LTS-286) for windows-amd64 JRE (17.0.12+8-LTS-286), built on Jun  5 2024 06:46:59 by "mach5one" with MS VC++ 17.6 (VS2022)

END.
